<?xml version="1.0" encoding="UTF-8"?>
<testng-results ignored="0" total="1" passed="1" failed="0" skipped="0">
  <reporter-output>
    <line>
      <![CDATA[4    14]]>
    </line>
    <line>
      <![CDATA[Admin Login success:adminflow   http://primusbank.qedgetech.com/adminflow.aspx]]>
    </line>
    <line>
      <![CDATA[New Role with id 1230 Created Sucessfully]]>
    </line>
    <line>
      <![CDATA[Admin logout success]]>
    </line>
  </reporter-output>
  <suite started-at="2023-08-31T18:33:41 IST" name="Default suite" finished-at="2023-08-31T18:34:01 IST" duration-ms="19816">
    <groups>
    </groups>
    <test started-at="2023-08-31T18:33:41 IST" name="Default test" finished-at="2023-08-31T18:34:01 IST" duration-ms="19816">
      <class name="driverFactory.DriverScript">
        <test-method is-config="true" signature="setUp()[pri:0, instance:driverFactory.DriverScript@609e8838]" started-at="2023-08-31T18:33:36 IST" name="setUp" finished-at="2023-08-31T18:33:41 IST" duration-ms="4984" status="PASS">
          <reporter-output>
          </reporter-output>
        </test-method> <!-- setUp -->
        <test-method signature="startTest()[pri:0, instance:driverFactory.DriverScript@609e8838]" started-at="2023-08-31T18:33:41 IST" name="startTest" finished-at="2023-08-31T18:34:01 IST" duration-ms="19783" status="PASS">
          <reporter-output>
            <line>
              <![CDATA[4    14]]>
            </line>
            <line>
              <![CDATA[Admin Login success:adminflow   http://primusbank.qedgetech.com/adminflow.aspx]]>
            </line>
            <line>
              <![CDATA[New Role with id 1230 Created Sucessfully]]>
            </line>
            <line>
              <![CDATA[Admin logout success]]>
            </line>
          </reporter-output>
        </test-method> <!-- startTest -->
        <test-method is-config="true" signature="tearDown()[pri:0, instance:driverFactory.DriverScript@609e8838]" started-at="2023-08-31T18:34:01 IST" name="tearDown" finished-at="2023-08-31T18:34:01 IST" duration-ms="129" status="PASS">
          <reporter-output>
          </reporter-output>
        </test-method> <!-- tearDown -->
      </class> <!-- driverFactory.DriverScript -->
    </test> <!-- Default test -->
  </suite> <!-- Default suite -->
</testng-results>
